[debug] [2022-08-05T06:52:11.986Z] ----------------------------------------------------------------------
[debug] [2022-08-05T06:52:11.988Z] Command:       C:\Program Files\nodejs\node.exe C:\Users\TANDIS\AppData\Roaming\npm\node_modules\firebase-tools\lib\bin\firebase.js init
[debug] [2022-08-05T06:52:11.989Z] CLI Version:   11.4.2
[debug] [2022-08-05T06:52:11.989Z] Platform:      win32
[debug] [2022-08-05T06:52:11.989Z] Node Version:  v16.16.0
[debug] [2022-08-05T06:52:11.990Z] Time:          Fri Aug 05 2022 11:22:11 GMT+0430 (Iran Daylight Time)
[debug] [2022-08-05T06:52:11.990Z] ----------------------------------------------------------------------
[debug] 
[debug] [2022-08-05T06:52:11.993Z] >>> [apiv2][query] GET https://firebase-public.firebaseio.com/cli.json [none]
[debug] [2022-08-05T06:52:12.013Z] > command requires scopes: ["email","openid","https://www.googleapis.com/auth/cloudplatformprojects.readonly","https://www.googleapis.com/auth/firebase","https://www.googleapis.com/auth/cloud-platform"]
[debug] [2022-08-05T06:52:12.014Z] > authorizing via signed-in user (hossein.at1380@gmail.com)
[info] 
     ######## #### ########  ######## ########     ###     ######  ########
     ##        ##  ##     ## ##       ##     ##  ##   ##  ##       ##
     ######    ##  ########  ######   ########  #########  ######  ######
     ##        ##  ##    ##  ##       ##     ## ##     ##       ## ##
     ##       #### ##     ## ######## ########  ##     ##  ######  ########

You're about to initialize a Firebase project in this directory:

  C:\Users\TANDIS\Desktop\minesweeper\minesweeper

[info] 
=== Project Setup
[info] 
[info] First, let's associate this project directory with a Firebase project.
[info] You can create multiple project aliases by running firebase use --add, 
[info] but for now we'll just set up a default project.
[info] 
[debug] [2022-08-05T06:52:28.295Z] > refreshing access token with scopes: []
[debug] [2022-08-05T06:52:28.296Z] >>> [apiv2][query] POST https://www.googleapis.com/oauth2/v3/token [none]
[debug] [2022-08-05T06:52:28.296Z] >>> [apiv2][body] POST https://www.googleapis.com/oauth2/v3/token [omitted]
[debug] [2022-08-05T06:52:29.317Z] <<< [apiv2][status] POST https://www.googleapis.com/oauth2/v3/token 200
[debug] [2022-08-05T06:52:29.317Z] <<< [apiv2][body] POST https://www.googleapis.com/oauth2/v3/token [omitted]
[debug] [2022-08-05T06:52:29.325Z] >>> [apiv2][query] GET https://firebase.googleapis.com/v1beta1/projects pageSize=100
[debug] [2022-08-05T06:52:30.082Z] <<< [apiv2][status] GET https://firebase.googleapis.com/v1beta1/projects 403
[debug] [2022-08-05T06:52:30.083Z] <<< [apiv2][body] GET https://firebase.googleapis.com/v1beta1/projects [omitted]
[debug] [2022-08-05T06:52:30.083Z] Unable to parse JSON: SyntaxError: Unexpected token < in JSON at position 0
[debug] [2022-08-05T06:52:30.083Z] FirebaseError: Unable to parse JSON: SyntaxError: Unexpected token < in JSON at position 0
    at RetryOperation._fn (C:\Users\TANDIS\AppData\Roaming\npm\node_modules\firebase-tools\lib\apiv2.js:260:39)
    at processTicksAndRejections (node:internal/process/task_queues:96:5)
[error] 
[error] Error: Failed to list Firebase projects. See firebase-debug.log for more info.
